# JRE version: OpenJDK Runtime Environment (15.0.2+7) (build 15.0.2+7-27)
# Java VM: OpenJDK 64-Bit Server VM (15.0.2+7-27, mixed mode, tiered, compressed oops, g1 gc, windows-amd64)
GC Precious Log:
 CPUs: 4 total, 4 available
 Memory: 3676M
 Large Page Support: Disabled
 NUMA Support: Disabled
 Compressed Oops: Enabled (32-bit)
 Heap Region Size: 1M
 Heap Min Capacity: 8M
 Heap Initial Capacity: 58M
 Heap Max Capacity: 920M
 Pre-touch: Disabled
 Parallel Workers: 4
 Concurrent Workers: 1
 Concurrent Refinement Workers: 4
 Periodic GC: Disabled
Heap:
 garbage-first heap   total 73728K, used 42536K [0x00000000c6800000, 0x0000000100000000)
  region size 1024K, 8 young (8192K), 2 survivors (2048K)
 Metaspace       used 39260K, capacity 39616K, committed 39808K, reserved 1085440K
  class space    used 3982K, capacity 4115K, committed 4224K, reserved 1048576K
GC Heap History (20 events):
Event: 7.069 GC heap before
{Heap before GC invocations=20 (full 0):
 garbage-first heap   total 49152K, used 39079K [0x00000000c6800000, 0x0000000100000000)
  region size 1024K, 17 young (17408K), 3 survivors (3072K)
 Metaspace       used 30748K, capacity 31074K, committed 31360K, reserved 1077248K
  class space    used 2970K, capacity 3088K, committed 3200K, reserved 1048576K
}
Event: 7.074 GC heap after
{Heap after GC invocations=21 (full 0):
 garbage-first heap   total 59392K, used 26288K [0x00000000c6800000, 0x0000000100000000)
  region size 1024K, 3 young (3072K), 3 survivors (3072K)
 Metaspace       used 30748K, capacity 31074K, committed 31360K, reserved 1077248K
  class space    used 2970K, capacity 3088K, committed 3200K, reserved 1048576K
}
Event: 7.433 GC heap before
{Heap before GC invocations=22 (full 0):
 garbage-first heap   total 59392K, used 45744K [0x00000000c6800000, 0x0000000100000000)
  region size 1024K, 22 young (22528K), 3 survivors (3072K)
 Metaspace       used 31584K, capacity 31881K, committed 32128K, reserved 1079296K
  class space    used 3085K, capacity 3185K, committed 3200K, reserved 1048576K
}
Event: 7.439 GC heap after
{Heap after GC invocations=23 (full 0):
 garbage-first heap   total 59392K, used 28467K [0x00000000c6800000, 0x0000000100000000)
  region size 1024K, 3 young (3072K), 3 survivors (3072K)
 Metaspace       used 31584K, capacity 31881K, committed 32128K, reserved 1079296K
  class space    used 3085K, capacity 3185K, committed 3200K, reserved 1048576K
}
Event: 7.685 GC heap before
{Heap before GC invocations=23 (full 0):
 garbage-first heap   total 59392K, used 45875K [0x00000000c6800000, 0x0000000100000000)
  region size 1024K, 20 young (20480K), 3 survivors (3072K)
 Metaspace       used 32358K, capacity 32617K, committed 32768K, reserved 1079296K
  class space    used 3185K, capacity 3281K, committed 3328K, reserved 1048576K
}
Event: 7.689 GC heap after
{Heap after GC invocations=24 (full 0):
 garbage-first heap   total 59392K, used 30409K [0x00000000c6800000, 0x0000000100000000)
  region size 1024K, 2 young (2048K), 2 survivors (2048K)
 Metaspace       used 32358K, capacity 32617K, committed 32768K, reserved 1079296K
  class space    used 3185K, capacity 3281K, committed 3328K, reserved 1048576K
}
Event: 8.518 GC heap before
{Heap before GC invocations=24 (full 0):
 garbage-first heap   total 59392K, used 46793K [0x00000000c6800000, 0x0000000100000000)
  region size 1024K, 18 young (18432K), 2 survivors (2048K)
 Metaspace       used 33190K, capacity 33499K, committed 33664K, reserved 1079296K
  class space    used 3299K, capacity 3383K, committed 3456K, reserved 1048576K
}
Event: 8.525 GC heap after
{Heap after GC invocations=25 (full 0):
 garbage-first heap   total 59392K, used 32190K [0x00000000c6800000, 0x0000000100000000)
  region size 1024K, 2 young (2048K), 2 survivors (2048K)
 Metaspace       used 33190K, capacity 33499K, committed 33664K, reserved 1079296K
  class space    used 3299K, capacity 3383K, committed 3456K, reserved 1048576K
}
Event: 9.016 GC heap before
{Heap before GC invocations=26 (full 0):
 garbage-first heap   total 59392K, used 47550K [0x00000000c6800000, 0x0000000100000000)
  region size 1024K, 17 young (17408K), 2 survivors (2048K)
 Metaspace       used 34080K, capacity 34396K, committed 34560K, reserved 1081344K
  class space    used 3444K, capacity 3554K, committed 3584K, reserved 1048576K
}
Event: 9.020 GC heap after
{Heap after GC invocations=27 (full 0):
 garbage-first heap   total 71680K, used 33651K [0x00000000c6800000, 0x0000000100000000)
  region size 1024K, 2 young (2048K), 2 survivors (2048K)
 Metaspace       used 34080K, capacity 34396K, committed 34560K, reserved 1081344K
  class space    used 3444K, capacity 3554K, committed 3584K, reserved 1048576K
}
Event: 9.407 GC heap before
{Heap before GC invocations=27 (full 0):
 garbage-first heap   total 71680K, used 56179K [0x00000000c6800000, 0x0000000100000000)
  region size 1024K, 24 young (24576K), 2 survivors (2048K)
 Metaspace       used 35423K, capacity 35714K, committed 35840K, reserved 1081344K
  class space    used 3627K, capacity 3716K, committed 3840K, reserved 1048576K
}
Event: 9.411 GC heap after
{Heap after GC invocations=28 (full 0):
 garbage-first heap   total 71680K, used 35155K [0x00000000c6800000, 0x0000000100000000)
  region size 1024K, 2 young (2048K), 2 survivors (2048K)
 Metaspace       used 35423K, capacity 35714K, committed 35840K, reserved 1081344K
  class space    used 3627K, capacity 3716K, committed 3840K, reserved 1048576K
}
Event: 13.431 GC heap before
{Heap before GC invocations=29 (full 0):
 garbage-first heap   total 71680K, used 57683K [0x00000000c6800000, 0x0000000100000000)
  region size 1024K, 24 young (24576K), 2 survivors (2048K)
 Metaspace       used 36972K, capacity 37285K, committed 37504K, reserved 1083392K
  class space    used 3754K, capacity 3877K, committed 3968K, reserved 1048576K
}
Event: 13.437 GC heap after
{Heap after GC invocations=30 (full 0):
 garbage-first heap   total 71680K, used 36903K [0x00000000c6800000, 0x0000000100000000)
  region size 1024K, 2 young (2048K), 2 survivors (2048K)
 Metaspace       used 36972K, capacity 37285K, committed 37504K, reserved 1083392K
  class space    used 3754K, capacity 3877K, committed 3968K, reserved 1048576K
}
Event: 13.945 GC heap before
{Heap before GC invocations=30 (full 0):
 garbage-first heap   total 71680K, used 57383K [0x00000000c6800000, 0x0000000100000000)
  region size 1024K, 22 young (22528K), 2 survivors (2048K)
 Metaspace       used 37391K, capacity 37669K, committed 37760K, reserved 1083392K
  class space    used 3762K, capacity 3877K, committed 3968K, reserved 1048576K
}
Event: 13.950 GC heap after
{Heap after GC invocations=31 (full 0):
 garbage-first heap   total 71680K, used 37598K [0x00000000c6800000, 0x0000000100000000)
  region size 1024K, 3 young (3072K), 3 survivors (3072K)
 Metaspace       used 37391K, capacity 37669K, committed 37760K, reserved 1083392K
  class space    used 3762K, capacity 3877K, committed 3968K, reserved 1048576K
}
Event: 14.331 GC heap before
{Heap before GC invocations=32 (full 0):
 garbage-first heap   total 73728K, used 57054K [0x00000000c6800000, 0x0000000100000000)
  region size 1024K, 22 young (22528K), 3 survivors (3072K)
 Metaspace       used 37649K, capacity 37925K, committed 38016K, reserved 1083392K
  class space    used 3768K, capacity 3877K, committed 3968K, reserved 1048576K
}
Event: 14.334 GC heap after
{Heap after GC invocations=33 (full 0):
 garbage-first heap   total 73728K, used 37529K [0x00000000c6800000, 0x0000000100000000)
  region size 1024K, 2 young (2048K), 2 survivors (2048K)
 Metaspace       used 37649K, capacity 37925K, committed 38016K, reserved 1083392K
  class space    used 3768K, capacity 3877K, committed 3968K, reserved 1048576K
}
Event: 14.768 GC heap before
{Heap before GC invocations=33 (full 0):
 garbage-first heap   total 73728K, used 58009K [0x00000000c6800000, 0x0000000100000000)
  region size 1024K, 23 young (23552K), 2 survivors (2048K)
 Metaspace       used 38366K, capacity 38679K, committed 38912K, reserved 1083392K
  class space    used 3855K, capacity 3976K, committed 4096K, reserved 1048576K
}
Event: 14.770 GC heap after
{Heap after GC invocations=34 (full 0):
 garbage-first heap   total 73728K, used 37416K [0x00000000c6800000, 0x0000000100000000)
  region size 1024K, 2 young (2048K), 2 survivors (2048K)
 Metaspace       used 38366K, capacity 38679K, committed 38912K, reserved 1083392K
  class space    used 3855K, capacity 3976K, committed 4096K, reserved 1048576K
}

