# JRE version: OpenJDK Runtime Environment (15.0.2+7) (build 15.0.2+7-27)
# Java VM: OpenJDK 64-Bit Server VM (15.0.2+7-27, mixed mode, tiered, compressed oops, g1 gc, windows-amd64)
GC Precious Log:
 CPUs: 4 total, 4 available
 Memory: 3676M
 Large Page Support: Disabled
 NUMA Support: Disabled
 Compressed Oops: Enabled (32-bit)
 Heap Region Size: 1M
 Heap Min Capacity: 8M
 Heap Initial Capacity: 58M
 Heap Max Capacity: 920M
 Pre-touch: Disabled
 Parallel Workers: 4
 Concurrent Workers: 1
 Concurrent Refinement Workers: 4
 Periodic GC: Disabled
Heap:
 garbage-first heap   total 73728K, used 46955K [0x00000000c6800000, 0x0000000100000000)
  region size 1024K, 11 young (11264K), 1 survivors (1024K)
 Metaspace       used 39239K, capacity 39616K, committed 39804K, reserved 1085440K
  class space    used 3980K, capacity 4115K, committed 4220K, reserved 1048576K
GC Heap History (20 events):
Event: 6.666 GC heap before
{Heap before GC invocations=19 (full 0):
 garbage-first heap   total 48128K, used 38052K [0x00000000c6800000, 0x0000000100000000)
  region size 1024K, 15 young (15360K), 2 survivors (2048K)
 Metaspace       used 30560K, capacity 30850K, committed 31100K, reserved 1077248K
  class space    used 2945K, capacity 3056K, committed 3196K, reserved 1048576K
}
Event: 6.671 GC heap after
{Heap after GC invocations=20 (full 0):
 garbage-first heap   total 48128K, used 26058K [0x00000000c6800000, 0x0000000100000000)
  region size 1024K, 2 young (2048K), 2 survivors (2048K)
 Metaspace       used 30560K, capacity 30850K, committed 31100K, reserved 1077248K
  class space    used 2945K, capacity 3056K, committed 3196K, reserved 1048576K
}
Event: 7.144 GC heap before
{Heap before GC invocations=21 (full 0):
 garbage-first heap   total 51200K, used 38346K [0x00000000c6800000, 0x0000000100000000)
  region size 1024K, 14 young (14336K), 2 survivors (2048K)
 Metaspace       used 31034K, capacity 31299K, committed 31612K, reserved 1077248K
  class space    used 3016K, capacity 3120K, committed 3196K, reserved 1048576K
}
Event: 7.149 GC heap after
{Heap after GC invocations=22 (full 0):
 garbage-first heap   total 61440K, used 28015K [0x00000000c6800000, 0x0000000100000000)
  region size 1024K, 2 young (2048K), 2 survivors (2048K)
 Metaspace       used 31034K, capacity 31299K, committed 31612K, reserved 1077248K
  class space    used 3016K, capacity 3120K, committed 3196K, reserved 1048576K
}
Event: 7.502 GC heap before
{Heap before GC invocations=22 (full 0):
 garbage-first heap   total 61440K, used 48495K [0x00000000c6800000, 0x0000000100000000)
  region size 1024K, 22 young (22528K), 2 survivors (2048K)
 Metaspace       used 31882K, capacity 32201K, committed 32508K, reserved 1079296K
  class space    used 3140K, capacity 3249K, committed 3324K, reserved 1048576K
}
Event: 7.506 GC heap after
{Heap after GC invocations=23 (full 0):
 garbage-first heap   total 61440K, used 29612K [0x00000000c6800000, 0x0000000100000000)
  region size 1024K, 2 young (2048K), 2 survivors (2048K)
 Metaspace       used 31882K, capacity 32201K, committed 32508K, reserved 1079296K
  class space    used 3140K, capacity 3249K, committed 3324K, reserved 1048576K
}
Event: 7.802 GC heap before
{Heap before GC invocations=23 (full 0):
 garbage-first heap   total 61440K, used 49068K [0x00000000c6800000, 0x0000000100000000)
  region size 1024K, 21 young (21504K), 2 survivors (2048K)
 Metaspace       used 32817K, capacity 33129K, committed 33404K, reserved 1079296K
  class space    used 3257K, capacity 3345K, committed 3452K, reserved 1048576K
}
Event: 7.808 GC heap after
{Heap after GC invocations=24 (full 0):
 garbage-first heap   total 61440K, used 31598K [0x00000000c6800000, 0x0000000100000000)
  region size 1024K, 2 young (2048K), 2 survivors (2048K)
 Metaspace       used 32817K, capacity 33129K, committed 33404K, reserved 1079296K
  class space    used 3257K, capacity 3345K, committed 3452K, reserved 1048576K
}
Event: 8.653 GC heap before
{Heap before GC invocations=25 (full 0):
 garbage-first heap   total 61440K, used 50030K [0x00000000c6800000, 0x0000000100000000)
  region size 1024K, 20 young (20480K), 2 survivors (2048K)
 Metaspace       used 33938K, capacity 34233K, committed 34300K, reserved 1079296K
  class space    used 3420K, capacity 3521K, committed 3580K, reserved 1048576K
}
Event: 8.658 GC heap after
{Heap after GC invocations=26 (full 0):
 garbage-first heap   total 61440K, used 33614K [0x00000000c6800000, 0x0000000100000000)
  region size 1024K, 2 young (2048K), 2 survivors (2048K)
 Metaspace       used 33938K, capacity 34233K, committed 34300K, reserved 1079296K
  class space    used 3420K, capacity 3521K, committed 3580K, reserved 1048576K
}
Event: 9.068 GC heap before
{Heap before GC invocations=26 (full 0):
 garbage-first heap   total 61440K, used 49998K [0x00000000c6800000, 0x0000000100000000)
  region size 1024K, 18 young (18432K), 2 survivors (2048K)
 Metaspace       used 34947K, capacity 35234K, committed 35580K, reserved 1081344K
  class space    used 3576K, capacity 3684K, committed 3836K, reserved 1048576K
}
Event: 9.072 GC heap after
{Heap after GC invocations=27 (full 0):
 garbage-first heap   total 73728K, used 34980K [0x00000000c6800000, 0x0000000100000000)
  region size 1024K, 2 young (2048K), 2 survivors (2048K)
 Metaspace       used 34947K, capacity 35234K, committed 35580K, reserved 1081344K
  class space    used 3576K, capacity 3684K, committed 3836K, reserved 1048576K
}
Event: 12.183 GC heap before
{Heap before GC invocations=28 (full 0):
 garbage-first heap   total 73728K, used 58532K [0x00000000c6800000, 0x0000000100000000)
  region size 1024K, 25 young (25600K), 2 survivors (2048K)
 Metaspace       used 36599K, capacity 36933K, committed 37244K, reserved 1083392K
  class space    used 3749K, capacity 3845K, committed 3964K, reserved 1048576K
}
Event: 12.188 GC heap after
{Heap after GC invocations=29 (full 0):
 garbage-first heap   total 73728K, used 37073K [0x00000000c6800000, 0x0000000100000000)
  region size 1024K, 4 young (4096K), 4 survivors (4096K)
 Metaspace       used 36599K, capacity 36933K, committed 37244K, reserved 1083392K
  class space    used 3749K, capacity 3845K, committed 3964K, reserved 1048576K
}
Event: 12.781 GC heap before
{Heap before GC invocations=29 (full 0):
 garbage-first heap   total 73728K, used 58577K [0x00000000c6800000, 0x0000000100000000)
  region size 1024K, 25 young (25600K), 4 survivors (4096K)
 Metaspace       used 37222K, capacity 37509K, committed 37756K, reserved 1083392K
  class space    used 3756K, capacity 3845K, committed 3964K, reserved 1048576K
}
Event: 12.786 GC heap after
{Heap after GC invocations=30 (full 0):
 garbage-first heap   total 73728K, used 37021K [0x00000000c6800000, 0x0000000100000000)
  region size 1024K, 1 young (1024K), 1 survivors (1024K)
 Metaspace       used 37222K, capacity 37509K, committed 37756K, reserved 1083392K
  class space    used 3756K, capacity 3845K, committed 3964K, reserved 1048576K
}
Event: 13.354 GC heap before
{Heap before GC invocations=31 (full 0):
 garbage-first heap   total 73728K, used 59549K [0x00000000c6800000, 0x0000000100000000)
  region size 1024K, 23 young (23552K), 1 survivors (1024K)
 Metaspace       used 37562K, capacity 37893K, committed 38012K, reserved 1083392K
  class space    used 3765K, capacity 3845K, committed 3964K, reserved 1048576K
}
Event: 13.357 GC heap after
{Heap after GC invocations=32 (full 0):
 garbage-first heap   total 73728K, used 38374K [0x00000000c6800000, 0x0000000100000000)
  region size 1024K, 2 young (2048K), 2 survivors (2048K)
 Metaspace       used 37562K, capacity 37893K, committed 38012K, reserved 1083392K
  class space    used 3765K, capacity 3845K, committed 3964K, reserved 1048576K
}
Event: 13.758 GC heap before
{Heap before GC invocations=32 (full 0):
 garbage-first heap   total 73728K, used 58854K [0x00000000c6800000, 0x0000000100000000)
  region size 1024K, 23 young (23552K), 2 survivors (2048K)
 Metaspace       used 38089K, capacity 38391K, committed 38652K, reserved 1083392K
  class space    used 3818K, capacity 3944K, committed 4092K, reserved 1048576K
}
Event: 13.760 GC heap after
{Heap after GC invocations=33 (full 0):
 garbage-first heap   total 73728K, used 37739K [0x00000000c6800000, 0x0000000100000000)
  region size 1024K, 1 young (1024K), 1 survivors (1024K)
 Metaspace       used 38089K, capacity 38391K, committed 38652K, reserved 1083392K
  class space    used 3818K, capacity 3944K, committed 4092K, reserved 1048576K
}

