<?xml version="1.0" encoding="UTF-8"?>
<!-- Generated by org.testng.reporters.JUnitXMLReporter -->
<testsuite ignored="0" hostname="PE-HO-275" failures="0" tests="2" name="Default test" time="156.566" errors="0" timestamp="2022-11-03T12:20:12 COT">
  <testcase classname="com.demoautomatizacion.test.GenerarReporteTest" name="generarReporte" time="89.168"/>
  <testcase classname="com.demoautomatizacion.test.GenerarReporteTest" name="generarReporte2" time="60.283"/>
</testsuite> <!-- Default test -->
