<?xml version="1.0" encoding="UTF-8"?>
<!-- Generated by org.testng.reporters.JUnitXMLReporter -->
<testsuite ignored="19" hostname="PE-HO-274" failures="0" tests="1" name="Default test" time="143.297" errors="0" timestamp="2022-08-09T09:12:31 COT">
  <testcase classname="com.demoautomatizacion.test.ExpedirTest" name="LpnDtlnum1" time="137.72"/>
  <testcase classname="com.demoautomatizacion.test.ExpedirTest" name="verExpedir" time="0.0">
    <ignored/>
  </testcase> <!-- verExpedir -->
  <testcase classname="com.demoautomatizacion.test.ExpedirTest" name="ValidacionModificacionusuarioadmin" time="0.0">
    <ignored/>
  </testcase> <!-- ValidacionModificacionusuarioadmin -->
  <testcase classname="com.demoautomatizacion.test.ExpedirTest" name="PruebaBaseDatos" time="0.0">
    <ignored/>
  </testcase> <!-- PruebaBaseDatos -->
  <testcase classname="com.demoautomatizacion.test.ExpedirTest" name="CargueValidacion" time="0.0">
    <ignored/>
  </testcase> <!-- CargueValidacion -->
  <testcase classname="com.demoautomatizacion.test.ExpedirTest" name="CargueBodega" time="0.0">
    <ignored/>
  </testcase> <!-- CargueBodega -->
  <testcase classname="com.demoautomatizacion.test.ExpedirTest" name="modificarExpedir" time="0.0">
    <ignored/>
  </testcase> <!-- modificarExpedir -->
  <testcase classname="com.demoautomatizacion.test.ExpedirTest" name="ValidacionModificacionProrroga" time="0.0">
    <ignored/>
  </testcase> <!-- ValidacionModificacionProrroga -->
  <testcase classname="com.demoautomatizacion.test.ExpedirTest" name="ValidacionTituloLiberado" time="0.0">
    <ignored/>
  </testcase> <!-- ValidacionTituloLiberado -->
  <testcase classname="com.demoautomatizacion.test.ExpedirTest" name="RunCP05" time="0.0">
    <ignored/>
  </testcase> <!-- RunCP05 -->
  <testcase classname="com.demoautomatizacion.test.ExpedirTest" name="busquedaExpedir" time="0.0">
    <ignored/>
  </testcase> <!-- busquedaExpedir -->
  <testcase classname="com.demoautomatizacion.test.ExpedirTest" name="ValidacionHistorticoLiberacion" time="0.0">
    <ignored/>
  </testcase> <!-- ValidacionHistorticoLiberacion -->
  <testcase classname="com.demoautomatizacion.test.ExpedirTest" name="ValidacionMercanciaLiberada" time="0.0">
    <ignored/>
  </testcase> <!-- ValidacionMercanciaLiberada -->
  <testcase classname="com.demoautomatizacion.test.ExpedirTest" name="ValidacionHU07" time="0.0">
    <ignored/>
  </testcase> <!-- ValidacionHU07 -->
  <testcase classname="com.demoautomatizacion.test.ExpedirTest" name="crearExpedir" time="0.0">
    <ignored/>
  </testcase> <!-- crearExpedir -->
  <testcase classname="com.demoautomatizacion.test.ExpedirTest" name="ValidacionHU25" time="0.0">
    <ignored/>
  </testcase> <!-- ValidacionHU25 -->
  <testcase classname="com.demoautomatizacion.test.ExpedirTest" name="LpnDtlnum" time="0.0">
    <ignored/>
  </testcase> <!-- LpnDtlnum -->
  <testcase classname="com.demoautomatizacion.test.ExpedirTest" name="ValidacionLiberado" time="0.0">
    <ignored/>
  </testcase> <!-- ValidacionLiberado -->
  <testcase classname="com.demoautomatizacion.test.ExpedirTest" name="ValidacionCancelado" time="0.0">
    <ignored/>
  </testcase> <!-- ValidacionCancelado -->
  <testcase classname="com.demoautomatizacion.test.ExpedirTest" name="RunCP08" time="0.0">
    <ignored/>
  </testcase> <!-- RunCP08 -->
</testsuite> <!-- Default test -->
