<?xml version="1.0" encoding="UTF-8"?>
<testng-results ignored="0" total="2" passed="2" failed="0" skipped="0">
  <reporter-output>
  </reporter-output>
  <suite started-at="2022-11-03T12:17:36 COT" name="Default suite" finished-at="2022-11-03T12:20:12 COT" duration-ms="156566">
    <groups>
    </groups>
    <test started-at="2022-11-03T12:17:36 COT" name="Default test" finished-at="2022-11-03T12:20:12 COT" duration-ms="156566">
      <class name="com.demoautomatizacion.test.GenerarReporteTest">
        <test-method is-config="true" signature="inicializar()[pri:0, instance:com.demoautomatizacion.test.GenerarReporteTest@1b29d52b]" started-at="2022-11-03T12:17:36 COT" name="inicializar" finished-at="2022-11-03T12:17:39 COT" duration-ms="3540" status="PASS">
          <reporter-output>
          </reporter-output>
        </test-method> <!-- inicializar -->
        <test-method signature="generarReporte()[pri:0, instance:com.demoautomatizacion.test.GenerarReporteTest@1b29d52b]" started-at="2022-11-03T12:17:39 COT" name="generarReporte" description="Reportes" finished-at="2022-11-03T12:19:09 COT" duration-ms="89168" status="PASS">
          <reporter-output>
          </reporter-output>
        </test-method> <!-- generarReporte -->
        <test-method is-config="true" signature="tearDown()[pri:0, instance:com.demoautomatizacion.test.GenerarReporteTest@1b29d52b]" started-at="2022-11-03T12:19:09 COT" name="tearDown" finished-at="2022-11-03T12:19:09 COT" duration-ms="274" status="PASS">
          <reporter-output>
          </reporter-output>
        </test-method> <!-- tearDown -->
        <test-method is-config="true" signature="inicializar()[pri:0, instance:com.demoautomatizacion.test.GenerarReporteTest@1b29d52b]" started-at="2022-11-03T12:19:09 COT" name="inicializar" finished-at="2022-11-03T12:19:11 COT" duration-ms="1700" status="PASS">
          <reporter-output>
          </reporter-output>
        </test-method> <!-- inicializar -->
        <test-method signature="generarReporte2()[pri:0, instance:com.demoautomatizacion.test.GenerarReporteTest@1b29d52b]" started-at="2022-11-03T12:19:11 COT" name="generarReporte2" description="Reportes" finished-at="2022-11-03T12:20:11 COT" duration-ms="60283" status="PASS">
          <reporter-output>
          </reporter-output>
        </test-method> <!-- generarReporte2 -->
        <test-method is-config="true" signature="tearDown()[pri:0, instance:com.demoautomatizacion.test.GenerarReporteTest@1b29d52b]" started-at="2022-11-03T12:20:11 COT" name="tearDown" finished-at="2022-11-03T12:20:12 COT" duration-ms="1147" status="PASS">
          <reporter-output>
          </reporter-output>
        </test-method> <!-- tearDown -->
      </class> <!-- com.demoautomatizacion.test.GenerarReporteTest -->
    </test> <!-- Default test -->
  </suite> <!-- Default suite -->
</testng-results>
