<?xml version="1.0" encoding="UTF-8"?>
<testng-results ignored="19" total="20" passed="1" failed="0" skipped="0">
  <reporter-output>
  </reporter-output>
  <suite started-at="2022-08-09T09:10:07 COT" name="Default suite" finished-at="2022-08-09T09:12:31 COT" duration-ms="143297">
    <groups>
    </groups>
    <test started-at="2022-08-09T09:10:07 COT" name="Default test" finished-at="2022-08-09T09:12:31 COT" duration-ms="143297">
      <class name="com.demoautomatizacion.test.ExpedirTest">
        <test-method is-config="true" signature="inicializar()[pri:0, instance:com.demoautomatizacion.test.ExpedirTest@35636217]" started-at="2022-08-09T09:10:07 COT" name="inicializar" finished-at="2022-08-09T09:10:12 COT" duration-ms="4783" status="PASS">
          <reporter-output>
          </reporter-output>
        </test-method> <!-- inicializar -->
        <test-method signature="LpnDtlnum1()[pri:1, instance:com.demoautomatizacion.test.ExpedirTest@35636217]" started-at="2022-08-09T09:10:12 COT" name="LpnDtlnum1" description="BaseDatos" finished-at="2022-08-09T09:12:30 COT" duration-ms="137720" status="PASS">
          <reporter-output>
          </reporter-output>
        </test-method> <!-- LpnDtlnum1 -->
        <test-method is-config="true" signature="tearDown()[pri:0, instance:com.demoautomatizacion.test.ExpedirTest@35636217]" started-at="2022-08-09T09:12:30 COT" name="tearDown" finished-at="2022-08-09T09:12:31 COT" duration-ms="396" status="PASS">
          <reporter-output>
          </reporter-output>
        </test-method> <!-- tearDown -->
      </class> <!-- com.demoautomatizacion.test.ExpedirTest -->
    </test> <!-- Default test -->
  </suite> <!-- Default suite -->
</testng-results>
